(0000) 3000  0011000000000000 (   6)                 .ORIG x3000
(3000) E032  1110000000110010 (   8)                 LEA   R0 startup
(3001) F022  1111000000100010 (   9)                 TRAP  x22
(3002) F020  1111000000100000 (  10)                 TRAP  x20
(3003) F021  1111000000100001 (  11)                 TRAP  x21
(3004) 5260  0101001001100000 (  12)                 AND   R1 R1 #0
(3005) 1240  0001001001000000 (  13)                 ADD   R1 R1 R0
(3006) E0A6  1110000010100110 (  14)                 LEA   R0 NEWLINE
(3007) F022  1111000000100010 (  15)                 TRAP  x22
(3008) F022  1111000000100010 (  16)                 TRAP  x22
(3009) E051  1110000001010001 (  17)                 LEA   R0 prompttwo
(300A) F022  1111000000100010 (  18)                 TRAP  x22
(300B) F020  1111000000100000 (  19)                 TRAP  x20
(300C) F021  1111000000100001 (  20)                 TRAP  x21
(300D) 54A0  0101010010100000 (  21)                 AND   R2 R2 #0
(300E) 1480  0001010010000000 (  22)                 ADD   R2 R2 R0
(300F) E09D  1110000010011101 (  23)                 LEA   R0 NEWLINE
(3010) F022  1111000000100010 (  24)                 TRAP  x22
(3011) F022  1111000000100010 (  25)                 TRAP  x22
(3012) 56E0  0101011011100000 (  27)                 AND   R3 R3 #0
(3013) 16EF  0001011011101111 (  28)                 ADD   R3 R3 #15
(3014) 16EF  0001011011101111 (  29)                 ADD   R3 R3 #15
(3015) 5920  0101100100100000 (  30)                 AND   R4 R4 #0
(3016) 18E2  0001100011100010 (  31)                 ADD   R4 R3 #2
(3017) 16EF  0001011011101111 (  32)                 ADD   R3 R3 #15
(3018) 16E3  0001011011100011 (  33)                 ADD   R3 R3 #3
(3019) 5B60  0101101101100000 (  35)                 AND   R5 R5 #0
(301A) 1B43  0001101101000011 (  36)                 ADD   R5 R5 R3
(301B) 96FF  1001011011111111 (  37)                 NOT   R3 R3
(301C) 16E1  0001011011100001 (  39)                 ADD   R3 R3 #1
(301D) 1243  0001001001000011 (  43)                 ADD   R1 R1 R3
(301E) 1483  0001010010000011 (  44)                 ADD   R2 R2 R3
(301F) E075  1110000001110101 (  46)                 LEA   R0 answer
(3020) F022  1111000000100010 (  47)                 TRAP  x22
(3021) 5DA0  0101110110100000 (  51)                 AND   R6 R6 #0
(3022) 94BF  1001010010111111 (  52)                 NOT   R2 R2
(3023) 14A1  0001010010100001 (  53)                 ADD   R2 R2 #1
(3024) 1C42  0001110001000010 (  54)                 ADD   R6 R1 R2
(3025) 0801  0000100000000001 (  58)                 BRN   neg
(3026) 0E07  0000111000000111 (  59)                 BRNZP pos
(3027) 9DBF  1001110110111111 (  63) neg             NOT   R6 R6
(3028) 1DA1  0001110110100001 (  65)                 ADD   R6 R6 #1
(3029) 56E0  0101011011100000 (  66)                 AND   R3 R3 #0
(302A) 172D  0001011100101101 (  67)                 ADD   R3 R4 #13
(302B) 5920  0101100100100000 (  68)                 AND   R4 R4 #0
(302C) 10C4  0001000011000100 (  69)                 ADD   R0 R3 R4
(302D) F021  1111000000100001 (  70)                 TRAP  x21
(302E) 1D85  0001110110000101 (  74) pos             ADD   R6 R6 R5
(302F) 5920  0101100100100000 (  75)                 AND   R4 R4 #0
(3030) 1184  0001000110000100 (  76)                 ADD   R0 R6 R4
(3031) F021  1111000000100001 (  77)                 TRAP  x21
(3032) F025  1111000000100101 (  79)                 TRAP  x25
(3033) 0050  0000000001010000 (  81) startup         .FILL x0050
(3034) 006C  0000000001101100 (  81)                 .FILL x006C
(3035) 0065  0000000001100101 (  81)                 .FILL x0065
(3036) 0061  0000000001100001 (  81)                 .FILL x0061
(3037) 0073  0000000001110011 (  81)                 .FILL x0073
(3038) 0065  0000000001100101 (  81)                 .FILL x0065
(3039) 0020  0000000000100000 (  81)                 .FILL x0020
(303A) 0065  0000000001100101 (  81)                 .FILL x0065
(303B) 006E  0000000001101110 (  81)                 .FILL x006E
(303C) 0074  0000000001110100 (  81)                 .FILL x0074
(303D) 0065  0000000001100101 (  81)                 .FILL x0065
(303E) 0072  0000000001110010 (  81)                 .FILL x0072
(303F) 0020  0000000000100000 (  81)                 .FILL x0020
(3040) 0061  0000000001100001 (  81)                 .FILL x0061
(3041) 0020  0000000000100000 (  81)                 .FILL x0020
(3042) 006E  0000000001101110 (  81)                 .FILL x006E
(3043) 0075  0000000001110101 (  81)                 .FILL x0075
(3044) 006D  0000000001101101 (  81)                 .FILL x006D
(3045) 0062  0000000001100010 (  81)                 .FILL x0062
(3046) 0065  0000000001100101 (  81)                 .FILL x0065
(3047) 0072  0000000001110010 (  81)                 .FILL x0072
(3048) 0020  0000000000100000 (  81)                 .FILL x0020
(3049) 0062  0000000001100010 (  81)                 .FILL x0062
(304A) 0065  0000000001100101 (  81)                 .FILL x0065
(304B) 0074  0000000001110100 (  81)                 .FILL x0074
(304C) 0077  0000000001110111 (  81)                 .FILL x0077
(304D) 0065  0000000001100101 (  81)                 .FILL x0065
(304E) 0065  0000000001100101 (  81)                 .FILL x0065
(304F) 006E  0000000001101110 (  81)                 .FILL x006E
(3050) 0020  0000000000100000 (  81)                 .FILL x0020
(3051) 0030  0000000000110000 (  81)                 .FILL x0030
(3052) 0020  0000000000100000 (  81)                 .FILL x0020
(3053) 0061  0000000001100001 (  81)                 .FILL x0061
(3054) 006E  0000000001101110 (  81)                 .FILL x006E
(3055) 0064  0000000001100100 (  81)                 .FILL x0064
(3056) 0020  0000000000100000 (  81)                 .FILL x0020
(3057) 0039  0000000000111001 (  81)                 .FILL x0039
(3058) 003A  0000000000111010 (  81)                 .FILL x003A
(3059) 0020  0000000000100000 (  81)                 .FILL x0020
(305A) 0000  0000000000000000 (  81)                 .FILL x0000
(305B) 0045  0000000001000101 (  82) prompttwo       .FILL x0045
(305C) 006E  0000000001101110 (  82)                 .FILL x006E
(305D) 0074  0000000001110100 (  82)                 .FILL x0074
(305E) 0065  0000000001100101 (  82)                 .FILL x0065
(305F) 0072  0000000001110010 (  82)                 .FILL x0072
(3060) 0020  0000000000100000 (  82)                 .FILL x0020
(3061) 0061  0000000001100001 (  82)                 .FILL x0061
(3062) 0020  0000000000100000 (  82)                 .FILL x0020
(3063) 006E  0000000001101110 (  82)                 .FILL x006E
(3064) 0075  0000000001110101 (  82)                 .FILL x0075
(3065) 006D  0000000001101101 (  82)                 .FILL x006D
(3066) 0062  0000000001100010 (  82)                 .FILL x0062
(3067) 0065  0000000001100101 (  82)                 .FILL x0065
(3068) 0072  0000000001110010 (  82)                 .FILL x0072
(3069) 0020  0000000000100000 (  82)                 .FILL x0020
(306A) 0028  0000000000101000 (  82)                 .FILL x0028
(306B) 0030  0000000000110000 (  82)                 .FILL x0030
(306C) 0020  0000000000100000 (  82)                 .FILL x0020
(306D) 002D  0000000000101101 (  82)                 .FILL x002D
(306E) 0020  0000000000100000 (  82)                 .FILL x0020
(306F) 0039  0000000000111001 (  82)                 .FILL x0039
(3070) 0029  0000000000101001 (  82)                 .FILL x0029
(3071) 0020  0000000000100000 (  82)                 .FILL x0020
(3072) 0074  0000000001110100 (  82)                 .FILL x0074
(3073) 006F  0000000001101111 (  82)                 .FILL x006F
(3074) 0020  0000000000100000 (  82)                 .FILL x0020
(3075) 0073  0000000001110011 (  82)                 .FILL x0073
(3076) 0075  0000000001110101 (  82)                 .FILL x0075
(3077) 0062  0000000001100010 (  82)                 .FILL x0062
(3078) 0074  0000000001110100 (  82)                 .FILL x0074
(3079) 0072  0000000001110010 (  82)                 .FILL x0072
(307A) 0061  0000000001100001 (  82)                 .FILL x0061
(307B) 0063  0000000001100011 (  82)                 .FILL x0063
(307C) 0074  0000000001110100 (  82)                 .FILL x0074
(307D) 0020  0000000000100000 (  82)                 .FILL x0020
(307E) 0066  0000000001100110 (  82)                 .FILL x0066
(307F) 0072  0000000001110010 (  82)                 .FILL x0072
(3080) 006F  0000000001101111 (  82)                 .FILL x006F
(3081) 006D  0000000001101101 (  82)                 .FILL x006D
(3082) 0020  0000000000100000 (  82)                 .FILL x0020
(3083) 0074  0000000001110100 (  82)                 .FILL x0074
(3084) 0068  0000000001101000 (  82)                 .FILL x0068
(3085) 0065  0000000001100101 (  82)                 .FILL x0065
(3086) 0020  0000000000100000 (  82)                 .FILL x0020
(3087) 0066  0000000001100110 (  82)                 .FILL x0066
(3088) 0069  0000000001101001 (  82)                 .FILL x0069
(3089) 0072  0000000001110010 (  82)                 .FILL x0072
(308A) 0073  0000000001110011 (  82)                 .FILL x0073
(308B) 0074  0000000001110100 (  82)                 .FILL x0074
(308C) 0020  0000000000100000 (  82)                 .FILL x0020
(308D) 006E  0000000001101110 (  82)                 .FILL x006E
(308E) 0075  0000000001110101 (  82)                 .FILL x0075
(308F) 006D  0000000001101101 (  82)                 .FILL x006D
(3090) 0062  0000000001100010 (  82)                 .FILL x0062
(3091) 0065  0000000001100101 (  82)                 .FILL x0065
(3092) 0072  0000000001110010 (  82)                 .FILL x0072
(3093) 0020  0000000000100000 (  82)                 .FILL x0020
(3094) 0000  0000000000000000 (  82)                 .FILL x0000
(3095) 0052  0000000001010010 (  83) answer          .FILL x0052
(3096) 0065  0000000001100101 (  83)                 .FILL x0065
(3097) 0073  0000000001110011 (  83)                 .FILL x0073
(3098) 0075  0000000001110101 (  83)                 .FILL x0075
(3099) 006C  0000000001101100 (  83)                 .FILL x006C
(309A) 0074  0000000001110100 (  83)                 .FILL x0074
(309B) 0020  0000000000100000 (  83)                 .FILL x0020
(309C) 006F  0000000001101111 (  83)                 .FILL x006F
(309D) 0066  0000000001100110 (  83)                 .FILL x0066
(309E) 0020  0000000000100000 (  83)                 .FILL x0020
(309F) 0073  0000000001110011 (  83)                 .FILL x0073
(30A0) 0075  0000000001110101 (  83)                 .FILL x0075
(30A1) 0062  0000000001100010 (  83)                 .FILL x0062
(30A2) 0074  0000000001110100 (  83)                 .FILL x0074
(30A3) 0072  0000000001110010 (  83)                 .FILL x0072
(30A4) 0061  0000000001100001 (  83)                 .FILL x0061
(30A5) 0063  0000000001100011 (  83)                 .FILL x0063
(30A6) 0074  0000000001110100 (  83)                 .FILL x0074
(30A7) 0069  0000000001101001 (  83)                 .FILL x0069
(30A8) 006F  0000000001101111 (  83)                 .FILL x006F
(30A9) 006E  0000000001101110 (  83)                 .FILL x006E
(30AA) 003A  0000000000111010 (  83)                 .FILL x003A
(30AB) 0020  0000000000100000 (  83)                 .FILL x0020
(30AC) 0000  0000000000000000 (  83)                 .FILL x0000
(30AD) 000A  0000000000001010 (  84) NEWLINE         .FILL x000A
(30AE) 0000  0000000000000000 (  84)                 .FILL x0000
